xrun(64): 20.03-s007: (c) Copyright 1995-2020 Cadence Design Systems, Inc.
TOOL:	xrun(64)	20.03-s007: Started on Jul 06, 2026 at 14:49:22 IST
/cadence/XCELIUM2003/tools/bin/64bit/xrun
	-sv
	-uvm
	rtl/spi.sv
	test/test_spi.sv
	-top tb_top
	+UVM_TESTNAME=spi_test
	-access +rwc
	-l simulation.log
Loading snapshot worklib.tb_top:sv .................... Done
xmsim: *W,XCLGNOPTM: The SystemVerilog constraint solver Xceligen options 'seed_only_rand and process_alternate_rng and ignore_worklib_name' are now enabled by default..
SVSEED default: 1
xmsim: *W,RNDNOXCEL: A newer version of the SystemVerilog constraint solver is available. It is recommended to enable it using "xrun/xmsim -xceligen on=1903 ..." .
xmsim: *W,DSEM2009: This SystemVerilog design is simulated as per IEEE 1800-2009 SystemVerilog simulation semantics. Use -disable_sem2009 option for turning off SV 2009 simulation semantics.
xcelium> source /cadence/XCELIUM2003/tools/xcelium/files/xmsimrc
xcelium> source /cadence/XCELIUM2003/tools/methodology/UVM/CDNS-1.1d/additions/sv/files/tcl/uvm_sim.tcl
xcelium> run
----------------------------------------------------------------
CDNS-UVM-1.1d (20.03-s007)
(C) 2007-2013 Mentor Graphics Corporation
(C) 2007-2013 Cadence Design Systems, Inc.
(C) 2006-2013 Synopsys, Inc.
(C) 2011-2013 Cypress Semiconductor Corp.
----------------------------------------------------------------

  ***********       IMPORTANT RELEASE NOTES         ************

  You are using a version of the UVM library that has been compiled
  with `UVM_NO_DEPRECATED undefined.
  See http://www.eda.org/svdb/view.php?id=3313 for more details.

  You are using a version of the UVM library that has been compiled
  with `UVM_OBJECT_MUST_HAVE_CONSTRUCTOR undefined.
  See http://www.eda.org/svdb/view.php?id=3770 for more details.

      (Specify +UVM_NO_RELNOTES to turn off this notice)

UVM_INFO @ 0: reporter [RNTST] Running test spi_test...
xmsim: *W,PRPASZ: Packed array at "worklib.uvm_pkg::uvm_string_to_bits.uvm_string_to_bits" of 115200 bits exceeds limit of 4096 - not probed
 Use 'probe -create -packed 115200 worklib.uvm_pkg::uvm_string_to_bits.uvm_string_to_bits' or 'setenv SHM_PACKED_LIMIT 115200' to adjust limit.
xmsim: *W,PRPASZ: Packed array at "worklib.uvm_pkg::uvm_bits_to_string.str" of 115200 bits exceeds limit of 4096 - not probed
 Use 'probe -create -packed 115200 worklib.uvm_pkg::uvm_bits_to_string.str' or 'setenv SHM_PACKED_LIMIT 115200' to adjust limit.
xmsim: *W,PRPASZ: Packed array at "worklib.cdns_uvm_pkg::cdns_tcl_print_component.rval" of 115200 bits exceeds limit of 4096 - not probed
 Use 'probe -create -packed 115200 worklib.cdns_uvm_pkg::cdns_tcl_print_component.rval' or 'setenv SHM_PACKED_LIMIT 115200' to adjust limit.
xmsim: *W,PRPASZ: Packed array at "worklib.cdns_uvm_pkg::cdns_tcl_print_components.rval" of 115200 bits exceeds limit of 4096 - not probed
 Use 'probe -create -packed 115200 worklib.cdns_uvm_pkg::cdns_tcl_print_components.rval' or 'setenv SHM_PACKED_LIMIT 115200' to adjust limit.
xmsim: *W,PRPASZ: Packed array at "worklib.cdns_uvm_pkg::cdns_tcl_list_components.rval" of 115200 bits exceeds limit of 4096 - not probed
 Use 'probe -create -packed 115200 worklib.cdns_uvm_pkg::cdns_tcl_list_components.rval' or 'setenv SHM_PACKED_LIMIT 115200' to adjust limit.
UVM_INFO test/test_spi.sv(162) @ 5000: uvm_test_top.env.agent.mon [MON] SYSTEM RESET DETECTED
UVM_INFO test/test_spi.sv(209) @ 5000: uvm_test_top.env.sco [SCO] SCO SYSTEM RESET DETECTED
UVM_INFO test/test_spi.sv(233) @ 5000: uvm_test_top.env.sco [SCO] ----------------------------------------------------------------
UVM_INFO test/test_spi.sv(133) @ 45000: uvm_test_top.env.agent.drv [DRV] System Reset : Start of Simulation
UVM_INFO test/test_spi.sv(175) @ 285000: uvm_test_top.env.agent.mon [MON] DATA WRITE addr:6 data:41 err:0
UVM_INFO test/test_spi.sv(217) @ 285000: uvm_test_top.env.sco [SCO] SCO DATA WRITE OP addr:6, wdata:41 arr_wr:41
UVM_INFO test/test_spi.sv(233) @ 285000: uvm_test_top.env.sco [SCO] ----------------------------------------------------------------
UVM_INFO test/test_spi.sv(175) @ 515000: uvm_test_top.env.agent.mon [MON] DATA WRITE addr:19 data:203 err:0
UVM_INFO test/test_spi.sv(217) @ 515000: uvm_test_top.env.sco [SCO] SCO DATA WRITE OP addr:19, wdata:203 arr_wr:203
UVM_INFO test/test_spi.sv(233) @ 515000: uvm_test_top.env.sco [SCO] ----------------------------------------------------------------
UVM_INFO test/test_spi.sv(175) @ 745000: uvm_test_top.env.agent.mon [MON] DATA WRITE addr:14 data:15 err:0
UVM_INFO test/test_spi.sv(217) @ 745000: uvm_test_top.env.sco [SCO] SCO DATA WRITE OP addr:14, wdata:15 arr_wr:15
UVM_INFO test/test_spi.sv(233) @ 745000: uvm_test_top.env.sco [SCO] ----------------------------------------------------------------
UVM_INFO test/test_spi.sv(175) @ 975000: uvm_test_top.env.agent.mon [MON] DATA WRITE addr:21 data:245 err:0
UVM_INFO test/test_spi.sv(217) @ 975000: uvm_test_top.env.sco [SCO] SCO DATA WRITE OP addr:21, wdata:245 arr_wr:245
UVM_INFO test/test_spi.sv(233) @ 975000: uvm_test_top.env.sco [SCO] ----------------------------------------------------------------
UVM_INFO test/test_spi.sv(175) @ 1205000: uvm_test_top.env.agent.mon [MON] DATA WRITE addr:11 data:125 err:0
UVM_INFO test/test_spi.sv(217) @ 1205000: uvm_test_top.env.sco [SCO] SCO DATA WRITE OP addr:11, wdata:125 arr_wr:125
UVM_INFO test/test_spi.sv(233) @ 1205000: uvm_test_top.env.sco [SCO] ----------------------------------------------------------------
UVM_INFO test/test_spi.sv(175) @ 1435000: uvm_test_top.env.agent.mon [MON] DATA WRITE addr:13 data:167 err:0
UVM_INFO test/test_spi.sv(217) @ 1435000: uvm_test_top.env.sco [SCO] SCO DATA WRITE OP addr:13, wdata:167 arr_wr:167
UVM_INFO test/test_spi.sv(233) @ 1435000: uvm_test_top.env.sco [SCO] ----------------------------------------------------------------
UVM_INFO test/test_spi.sv(175) @ 1665000: uvm_test_top.env.agent.mon [MON] DATA WRITE addr:29 data:115 err:0
UVM_INFO test/test_spi.sv(217) @ 1665000: uvm_test_top.env.sco [SCO] SCO DATA WRITE OP addr:29, wdata:115 arr_wr:115
UVM_INFO test/test_spi.sv(233) @ 1665000: uvm_test_top.env.sco [SCO] ----------------------------------------------------------------
UVM_INFO test/test_spi.sv(175) @ 1895000: uvm_test_top.env.agent.mon [MON] DATA WRITE addr:26 data:225 err:0
UVM_INFO test/test_spi.sv(217) @ 1895000: uvm_test_top.env.sco [SCO] SCO DATA WRITE OP addr:26, wdata:225 arr_wr:225
UVM_INFO test/test_spi.sv(233) @ 1895000: uvm_test_top.env.sco [SCO] ----------------------------------------------------------------
UVM_INFO test/test_spi.sv(175) @ 2125000: uvm_test_top.env.agent.mon [MON] DATA WRITE addr:4 data:241 err:0
UVM_INFO test/test_spi.sv(217) @ 2125000: uvm_test_top.env.sco [SCO] SCO DATA WRITE OP addr:4, wdata:241 arr_wr:241
UVM_INFO test/test_spi.sv(233) @ 2125000: uvm_test_top.env.sco [SCO] ----------------------------------------------------------------
UVM_INFO test/test_spi.sv(175) @ 2355000: uvm_test_top.env.agent.mon [MON] DATA WRITE addr:28 data:163 err:0
UVM_INFO test/test_spi.sv(217) @ 2355000: uvm_test_top.env.sco [SCO] SCO DATA WRITE OP addr:28, wdata:163 arr_wr:163
UVM_INFO test/test_spi.sv(233) @ 2355000: uvm_test_top.env.sco [SCO] ----------------------------------------------------------------
UVM_INFO test/test_spi.sv(180) @ 2595000: uvm_test_top.env.agent.mon [MON] DATA READ addr:21 data:245 slverr:0
UVM_INFO test/test_spi.sv(226) @ 2595000: uvm_test_top.env.sco [SCO] SCO DATA MATCHED : addr:21, rdata:245
UVM_INFO test/test_spi.sv(233) @ 2595000: uvm_test_top.env.sco [SCO] ----------------------------------------------------------------
UVM_INFO test/test_spi.sv(180) @ 2835000: uvm_test_top.env.agent.mon [MON] DATA READ addr:2 data:0 slverr:0
UVM_INFO test/test_spi.sv(226) @ 2835000: uvm_test_top.env.sco [SCO] SCO DATA MATCHED : addr:2, rdata:0
UVM_INFO test/test_spi.sv(233) @ 2835000: uvm_test_top.env.sco [SCO] ----------------------------------------------------------------
UVM_INFO test/test_spi.sv(180) @ 3075000: uvm_test_top.env.agent.mon [MON] DATA READ addr:29 data:115 slverr:0
UVM_INFO test/test_spi.sv(226) @ 3075000: uvm_test_top.env.sco [SCO] SCO DATA MATCHED : addr:29, rdata:115
UVM_INFO test/test_spi.sv(233) @ 3075000: uvm_test_top.env.sco [SCO] ----------------------------------------------------------------
UVM_INFO test/test_spi.sv(180) @ 3315000: uvm_test_top.env.agent.mon [MON] DATA READ addr:4 data:241 slverr:0
UVM_INFO test/test_spi.sv(226) @ 3315000: uvm_test_top.env.sco [SCO] SCO DATA MATCHED : addr:4, rdata:241
UVM_INFO test/test_spi.sv(233) @ 3315000: uvm_test_top.env.sco [SCO] ----------------------------------------------------------------
UVM_INFO test/test_spi.sv(180) @ 3555000: uvm_test_top.env.agent.mon [MON] DATA READ addr:26 data:225 slverr:0
UVM_INFO test/test_spi.sv(226) @ 3555000: uvm_test_top.env.sco [SCO] SCO DATA MATCHED : addr:26, rdata:225
UVM_INFO test/test_spi.sv(233) @ 3555000: uvm_test_top.env.sco [SCO] ----------------------------------------------------------------
UVM_INFO test/test_spi.sv(180) @ 3795000: uvm_test_top.env.agent.mon [MON] DATA READ addr:28 data:163 slverr:0
UVM_INFO test/test_spi.sv(226) @ 3795000: uvm_test_top.env.sco [SCO] SCO DATA MATCHED : addr:28, rdata:163
UVM_INFO test/test_spi.sv(233) @ 3795000: uvm_test_top.env.sco [SCO] ----------------------------------------------------------------
UVM_INFO test/test_spi.sv(180) @ 4035000: uvm_test_top.env.agent.mon [MON] DATA READ addr:12 data:0 slverr:0
UVM_INFO test/test_spi.sv(226) @ 4035000: uvm_test_top.env.sco [SCO] SCO DATA MATCHED : addr:12, rdata:0
UVM_INFO test/test_spi.sv(233) @ 4035000: uvm_test_top.env.sco [SCO] ----------------------------------------------------------------
UVM_INFO test/test_spi.sv(180) @ 4275000: uvm_test_top.env.agent.mon [MON] DATA READ addr:9 data:0 slverr:0
UVM_INFO test/test_spi.sv(226) @ 4275000: uvm_test_top.env.sco [SCO] SCO DATA MATCHED : addr:9, rdata:0
UVM_INFO test/test_spi.sv(233) @ 4275000: uvm_test_top.env.sco [SCO] ----------------------------------------------------------------
UVM_INFO test/test_spi.sv(180) @ 4515000: uvm_test_top.env.agent.mon [MON] DATA READ addr:19 data:203 slverr:0
UVM_INFO test/test_spi.sv(226) @ 4515000: uvm_test_top.env.sco [SCO] SCO DATA MATCHED : addr:19, rdata:203
UVM_INFO test/test_spi.sv(233) @ 4515000: uvm_test_top.env.sco [SCO] ----------------------------------------------------------------
UVM_INFO test/test_spi.sv(180) @ 4755000: uvm_test_top.env.agent.mon [MON] DATA READ addr:11 data:125 slverr:0
UVM_INFO test/test_spi.sv(226) @ 4755000: uvm_test_top.env.sco [SCO] SCO DATA MATCHED : addr:11, rdata:125
UVM_INFO test/test_spi.sv(233) @ 4755000: uvm_test_top.env.sco [SCO] ----------------------------------------------------------------
UVM_INFO /cadence/XCELIUM2003/tools/methodology/UVM/CDNS-1.1d/sv/src/base/uvm_objection.svh(1268) @ 4855000: reporter [TEST_DONE] 'run' phase is ready to proceed to the 'extract' phase

--- UVM Report catcher Summary ---


Number of demoted UVM_FATAL reports  :    0
Number of demoted UVM_ERROR reports  :    0
Number of demoted UVM_WARNING reports:    0
Number of caught UVM_FATAL reports   :    0
Number of caught UVM_ERROR reports   :    0
Number of caught UVM_WARNING reports :    0

--- UVM Report Summary ---

** Report counts by severity
UVM_INFO :   66
UVM_WARNING :    0
UVM_ERROR :    0
UVM_FATAL :    0
** Report counts by id
[DRV]     1
[MON]    21
[RNTST]     1
[SCO]    42
[TEST_DONE]     1
Simulation complete via $finish(1) at time 4855 NS + 45
/cadence/XCELIUM2003/tools/methodology/UVM/CDNS-1.1d/sv/src/base/uvm_root.svh:457     $finish;
xcelium> exit
TOOL:	xrun(64)	20.03-s007: Exiting on Jul 06, 2026 at 14:49:26 IST  (total: 00:00:04)
