xrun(64): 20.03-s007: (c) Copyright 1995-2020 Cadence Design Systems, Inc.
TOOL:	xrun(64)	20.03-s007: Started on Jul 06, 2026 at 14:47:13 IST
/cadence/XCELIUM2003/tools/bin/64bit/xrun
	-sv
	-uvm
	rtl/spi.sv
	test/test_spi.sv
	-top tb_top
	+UVM_TESTNAME=spi_test
	-access +rwc
Compiling UVM packages (uvm_pkg.sv cdns_uvm_pkg.sv) using uvmhome location /cadence/XCELIUM2003/tools/methodology/UVM/CDNS-1.1d
file: rtl/spi.sv
	module worklib.spi_intf:sv
		errors: 0, warnings: 0
	module worklib.spi_mem:sv
		errors: 0, warnings: 0
	module worklib.top:sv
		errors: 0, warnings: 0
	interface worklib.spi_i:sv
		errors: 0, warnings: 0
file: test/test_spi.sv
	module worklib.tb_top:sv
		errors: 0, warnings: 0
	Elaborating the design hierarchy:
		Caching library 'worklib' ....... Done
	Top level design units:
		uvm_pkg
		cdns_uvmapi
		cdns_assert2uvm_pkg
		cdns_uvm_pkg
		$unit_0x7716f0ec
		tb_top
xmelab: *W,DSEMEL: This SystemVerilog design will be simulated as per IEEE 1800-2009 SystemVerilog simulation semantics. Use -disable_sem2009 option for turning off SV 2009 simulation semantics.
	Building instance overlay tables: .................... Done
	Generating native compiled code:
		worklib.spi_mem:sv <0x3ca7b069>
			streams:  15, words:  8285
		worklib.spi_intf:sv <0x1295947e>
			streams:  12, words:  7658
		worklib.uvm_pkg:sv <0x6e2f4694>
			streams:   6, words:  3460
		worklib.uvm_pkg:sv <0x65a2d6a8>
			streams:   6, words:  3120
		worklib.uvm_pkg:sv <0x348205a7>
			streams:   5, words:  2530
		worklib.uvm_pkg:sv <0x272885a4>
			streams:   7, words:  1927
		worklib.uvm_pkg:sv <0x2c3d3159>
			streams:   8, words:  2774
		worklib.uvm_pkg:sv <0x313a174e>
			streams:  21, words: 50116
		worklib.uvm_pkg:sv <0x43d7d671>
			streams:   7, words:  1927
		worklib.uvm_pkg:sv <0x30c1df81>
			streams:  24, words: 19789
		worklib.uvm_pkg:sv <0x0dc8248e>
			streams:  24, words: 18959
		worklib.uvm_pkg:sv <0x204bce6f>
			streams:  20, words: 18320
		worklib.uvm_pkg:sv <0x0ff92ccd>
			streams:  11, words:  4462
		worklib.uvm_pkg:sv <0x061a625a>
			streams:  23, words: 28856
		worklib.uvm_pkg:sv <0x2cebcc17>
			streams:   7, words:  2431
		worklib.uvm_pkg:sv <0x223e8dcb>
			streams:  12, words: 16206
		worklib.uvm_pkg:sv <0x664e498d>
			streams:  23, words: 23537
		worklib.uvm_pkg:sv <0x2baa45c2>
			streams:  22, words: 48167
		worklib.uvm_pkg:sv <0x690a386e>
			streams:  25, words: 31878
		worklib.uvm_pkg:sv <0x2315fc5a>
			streams:  24, words: 45821
		worklib.uvm_pkg:sv <0x011d1310>
			streams:  25, words: 34426
		worklib.uvm_pkg:sv <0x219cdaa9>
			streams:  23, words: 50317
		worklib.uvm_pkg:sv <0x6c8991b2>
			streams:  25, words: 36529
		worklib.uvm_pkg:sv <0x64170723>
			streams:  23, words: 56017
		worklib.uvm_pkg:sv <0x122086d2>
			streams:  25, words: 41343
		worklib.uvm_pkg:sv <0x31f258b9>
			streams:  23, words: 49160
		worklib.uvm_pkg:sv <0x77e9c77e>
			streams:  23, words: 52676
		worklib.uvm_pkg:sv <0x693be4bb>
			streams:  25, words: 33970
		worklib.uvm_pkg:sv <0x56a6bdf2>
			streams:  23, words: 49219
		worklib.uvm_pkg:sv <0x2f270cec>
			streams:  25, words: 73233
		worklib.uvm_pkg:sv <0x7981a10e>
			streams:  53, words: 70592
		worklib.cdns_uvm_pkg:sv <0x76b95938>
			streams:  26, words: 34355
		worklib.cdns_uvm_pkg:sv <0x224896d5>
			streams:   8, words:  4031
		worklib.cdns_uvm_pkg:sv <0x090b1e8f>
			streams:  10, words:  8695
		worklib.uvm_pkg:sv <0x778bde4b>
			streams:  21, words: 18713
		worklib.uvm_pkg:sv <0x4d07d137>
			streams:   7, words:  3099
		worklib.uvm_pkg:sv <0x57d5aacb>
			streams:  22, words: 19356
		worklib.uvm_pkg:sv <0x24c24b4e>
			streams:  37, words: 36796
		worklib.uvm_pkg:sv <0x35a108b5>
			streams:   7, words:  3099
		worklib.uvm_pkg:sv <0x0d4d112f>
			streams: 116, words: 138697
		worklib.uvm_pkg:sv <0x1aee7873>
			streams:   8, words:  4205
		worklib.uvm_pkg:sv <0x6673e68a>
			streams:  22, words: 36455
		worklib.uvm_pkg:sv <0x3a9d3937>
			streams:   7, words:  3099
		worklib.uvm_pkg:sv <0x1f28cea6>
			streams: 111, words: 154446
		worklib.uvm_pkg:sv <0x6b1ac121>
			streams:  22, words: 20581
		worklib.uvm_pkg:sv <0x562c7bcd>
			streams:  23, words: 23496
		worklib.uvm_pkg:sv <0x469dd946>
			streams: 177, words: 196509
		worklib.uvm_pkg:sv <0x12c00a3e>
			streams:  22, words: 42853
		worklib.tb_top:sv <0x1faeaff3>
			streams:  66, words: 82995
		worklib.\$unit_0x7716f0ec :compilation_unit <0x34e2d632>
			streams:   0, words:     0
		worklib.cdns_uvm_pkg:sv <0x1069b739>
			streams: 128, words: 241214
		worklib.cdns_uvmapi:svp <0x4f324dfa>
			streams:  27, words: 31643
		worklib.cdns_assert2uvm_pkg:sv <0x681f0d01>
			streams:   3, words:  2239
		worklib.uvm_pkg:sv <0x13c0db5a>
			streams: 3939, words: 6528774
	Building instance specific data structures.
	Loading native compiled code:     .................... Done
	Design hierarchy summary:
		                       Instances  Unique
		Modules:                       4       4
		Interfaces:                    1       1
		Verilog packages:              4       4
		Registers:                 14209   10220
		Scalar wires:                 13       -
		Vectored wires:                4       -
		Named events:                  4      12
		Always blocks:                 2       2
		Initial blocks:              295     162
		Parallel blocks:              26      27
		Cont. assignments:             1       2
		Pseudo assignments:            8       8
		Assertions:                    4       4
		Compilation units:             1       1
		SV Class declarations:       200     313
		SV Class specializations:    388     388
		Simulation timescale:        1ps
	Writing initial simulation snapshot: worklib.tb_top:sv
Loading snapshot worklib.tb_top:sv .................... Done
xmsim: *W,XCLGNOPTM: The SystemVerilog constraint solver Xceligen options 'seed_only_rand and process_alternate_rng and ignore_worklib_name' are now enabled by default..
SVSEED default: 1
xmsim: *W,RNDNOXCEL: A newer version of the SystemVerilog constraint solver is available. It is recommended to enable it using "xrun/xmsim -xceligen on=1903 ..." .
xmsim: *W,DSEM2009: This SystemVerilog design is simulated as per IEEE 1800-2009 SystemVerilog simulation semantics. Use -disable_sem2009 option for turning off SV 2009 simulation semantics.
xcelium> source /cadence/XCELIUM2003/tools/xcelium/files/xmsimrc
xcelium> source /cadence/XCELIUM2003/tools/methodology/UVM/CDNS-1.1d/additions/sv/files/tcl/uvm_sim.tcl
xcelium> run
----------------------------------------------------------------
CDNS-UVM-1.1d (20.03-s007)
(C) 2007-2013 Mentor Graphics Corporation
(C) 2007-2013 Cadence Design Systems, Inc.
(C) 2006-2013 Synopsys, Inc.
(C) 2011-2013 Cypress Semiconductor Corp.
----------------------------------------------------------------

  ***********       IMPORTANT RELEASE NOTES         ************

  You are using a version of the UVM library that has been compiled
  with `UVM_NO_DEPRECATED undefined.
  See http://www.eda.org/svdb/view.php?id=3313 for more details.

  You are using a version of the UVM library that has been compiled
  with `UVM_OBJECT_MUST_HAVE_CONSTRUCTOR undefined.
  See http://www.eda.org/svdb/view.php?id=3770 for more details.

      (Specify +UVM_NO_RELNOTES to turn off this notice)

UVM_INFO @ 0: reporter [RNTST] Running test spi_test...
xmsim: *W,PRPASZ: Packed array at "worklib.uvm_pkg::uvm_string_to_bits.uvm_string_to_bits" of 115200 bits exceeds limit of 4096 - not probed
 Use 'probe -create -packed 115200 worklib.uvm_pkg::uvm_string_to_bits.uvm_string_to_bits' or 'setenv SHM_PACKED_LIMIT 115200' to adjust limit.
xmsim: *W,PRPASZ: Packed array at "worklib.uvm_pkg::uvm_bits_to_string.str" of 115200 bits exceeds limit of 4096 - not probed
 Use 'probe -create -packed 115200 worklib.uvm_pkg::uvm_bits_to_string.str' or 'setenv SHM_PACKED_LIMIT 115200' to adjust limit.
xmsim: *W,PRPASZ: Packed array at "worklib.cdns_uvm_pkg::cdns_tcl_print_component.rval" of 115200 bits exceeds limit of 4096 - not probed
 Use 'probe -create -packed 115200 worklib.cdns_uvm_pkg::cdns_tcl_print_component.rval' or 'setenv SHM_PACKED_LIMIT 115200' to adjust limit.
xmsim: *W,PRPASZ: Packed array at "worklib.cdns_uvm_pkg::cdns_tcl_print_components.rval" of 115200 bits exceeds limit of 4096 - not probed
 Use 'probe -create -packed 115200 worklib.cdns_uvm_pkg::cdns_tcl_print_components.rval' or 'setenv SHM_PACKED_LIMIT 115200' to adjust limit.
xmsim: *W,PRPASZ: Packed array at "worklib.cdns_uvm_pkg::cdns_tcl_list_components.rval" of 115200 bits exceeds limit of 4096 - not probed
 Use 'probe -create -packed 115200 worklib.cdns_uvm_pkg::cdns_tcl_list_components.rval' or 'setenv SHM_PACKED_LIMIT 115200' to adjust limit.
UVM_INFO test/test_spi.sv(162) @ 5000: uvm_test_top.env.agent.mon [MON] SYSTEM RESET DETECTED
UVM_INFO test/test_spi.sv(209) @ 5000: uvm_test_top.env.sco [SCO] SCO SYSTEM RESET DETECTED
UVM_INFO test/test_spi.sv(233) @ 5000: uvm_test_top.env.sco [SCO] ----------------------------------------------------------------
UVM_INFO test/test_spi.sv(133) @ 45000: uvm_test_top.env.agent.drv [DRV] System Reset : Start of Simulation
UVM_INFO test/test_spi.sv(175) @ 285000: uvm_test_top.env.agent.mon [MON] DATA WRITE addr:6 data:41 err:0
UVM_INFO test/test_spi.sv(217) @ 285000: uvm_test_top.env.sco [SCO] SCO DATA WRITE OP addr:6, wdata:41 arr_wr:41
UVM_INFO test/test_spi.sv(233) @ 285000: uvm_test_top.env.sco [SCO] ----------------------------------------------------------------
UVM_INFO test/test_spi.sv(175) @ 515000: uvm_test_top.env.agent.mon [MON] DATA WRITE addr:19 data:203 err:0
UVM_INFO test/test_spi.sv(217) @ 515000: uvm_test_top.env.sco [SCO] SCO DATA WRITE OP addr:19, wdata:203 arr_wr:203
UVM_INFO test/test_spi.sv(233) @ 515000: uvm_test_top.env.sco [SCO] ----------------------------------------------------------------
UVM_INFO test/test_spi.sv(175) @ 745000: uvm_test_top.env.agent.mon [MON] DATA WRITE addr:14 data:15 err:0
UVM_INFO test/test_spi.sv(217) @ 745000: uvm_test_top.env.sco [SCO] SCO DATA WRITE OP addr:14, wdata:15 arr_wr:15
UVM_INFO test/test_spi.sv(233) @ 745000: uvm_test_top.env.sco [SCO] ----------------------------------------------------------------
UVM_INFO test/test_spi.sv(175) @ 975000: uvm_test_top.env.agent.mon [MON] DATA WRITE addr:21 data:245 err:0
UVM_INFO test/test_spi.sv(217) @ 975000: uvm_test_top.env.sco [SCO] SCO DATA WRITE OP addr:21, wdata:245 arr_wr:245
UVM_INFO test/test_spi.sv(233) @ 975000: uvm_test_top.env.sco [SCO] ----------------------------------------------------------------
UVM_INFO test/test_spi.sv(175) @ 1205000: uvm_test_top.env.agent.mon [MON] DATA WRITE addr:11 data:125 err:0
UVM_INFO test/test_spi.sv(217) @ 1205000: uvm_test_top.env.sco [SCO] SCO DATA WRITE OP addr:11, wdata:125 arr_wr:125
UVM_INFO test/test_spi.sv(233) @ 1205000: uvm_test_top.env.sco [SCO] ----------------------------------------------------------------
UVM_INFO test/test_spi.sv(175) @ 1435000: uvm_test_top.env.agent.mon [MON] DATA WRITE addr:13 data:167 err:0
UVM_INFO test/test_spi.sv(217) @ 1435000: uvm_test_top.env.sco [SCO] SCO DATA WRITE OP addr:13, wdata:167 arr_wr:167
UVM_INFO test/test_spi.sv(233) @ 1435000: uvm_test_top.env.sco [SCO] ----------------------------------------------------------------
UVM_INFO test/test_spi.sv(175) @ 1665000: uvm_test_top.env.agent.mon [MON] DATA WRITE addr:29 data:115 err:0
UVM_INFO test/test_spi.sv(217) @ 1665000: uvm_test_top.env.sco [SCO] SCO DATA WRITE OP addr:29, wdata:115 arr_wr:115
UVM_INFO test/test_spi.sv(233) @ 1665000: uvm_test_top.env.sco [SCO] ----------------------------------------------------------------
UVM_INFO test/test_spi.sv(175) @ 1895000: uvm_test_top.env.agent.mon [MON] DATA WRITE addr:26 data:225 err:0
UVM_INFO test/test_spi.sv(217) @ 1895000: uvm_test_top.env.sco [SCO] SCO DATA WRITE OP addr:26, wdata:225 arr_wr:225
UVM_INFO test/test_spi.sv(233) @ 1895000: uvm_test_top.env.sco [SCO] ----------------------------------------------------------------
UVM_INFO test/test_spi.sv(175) @ 2125000: uvm_test_top.env.agent.mon [MON] DATA WRITE addr:4 data:241 err:0
UVM_INFO test/test_spi.sv(217) @ 2125000: uvm_test_top.env.sco [SCO] SCO DATA WRITE OP addr:4, wdata:241 arr_wr:241
UVM_INFO test/test_spi.sv(233) @ 2125000: uvm_test_top.env.sco [SCO] ----------------------------------------------------------------
UVM_INFO test/test_spi.sv(175) @ 2355000: uvm_test_top.env.agent.mon [MON] DATA WRITE addr:28 data:163 err:0
UVM_INFO test/test_spi.sv(217) @ 2355000: uvm_test_top.env.sco [SCO] SCO DATA WRITE OP addr:28, wdata:163 arr_wr:163
UVM_INFO test/test_spi.sv(233) @ 2355000: uvm_test_top.env.sco [SCO] ----------------------------------------------------------------
UVM_INFO test/test_spi.sv(180) @ 2595000: uvm_test_top.env.agent.mon [MON] DATA READ addr:21 data:245 slverr:0
UVM_INFO test/test_spi.sv(226) @ 2595000: uvm_test_top.env.sco [SCO] SCO DATA MATCHED : addr:21, rdata:245
UVM_INFO test/test_spi.sv(233) @ 2595000: uvm_test_top.env.sco [SCO] ----------------------------------------------------------------
UVM_INFO test/test_spi.sv(180) @ 2835000: uvm_test_top.env.agent.mon [MON] DATA READ addr:2 data:0 slverr:0
UVM_INFO test/test_spi.sv(226) @ 2835000: uvm_test_top.env.sco [SCO] SCO DATA MATCHED : addr:2, rdata:0
UVM_INFO test/test_spi.sv(233) @ 2835000: uvm_test_top.env.sco [SCO] ----------------------------------------------------------------
UVM_INFO test/test_spi.sv(180) @ 3075000: uvm_test_top.env.agent.mon [MON] DATA READ addr:29 data:115 slverr:0
UVM_INFO test/test_spi.sv(226) @ 3075000: uvm_test_top.env.sco [SCO] SCO DATA MATCHED : addr:29, rdata:115
UVM_INFO test/test_spi.sv(233) @ 3075000: uvm_test_top.env.sco [SCO] ----------------------------------------------------------------
UVM_INFO test/test_spi.sv(180) @ 3315000: uvm_test_top.env.agent.mon [MON] DATA READ addr:4 data:241 slverr:0
UVM_INFO test/test_spi.sv(226) @ 3315000: uvm_test_top.env.sco [SCO] SCO DATA MATCHED : addr:4, rdata:241
UVM_INFO test/test_spi.sv(233) @ 3315000: uvm_test_top.env.sco [SCO] ----------------------------------------------------------------
UVM_INFO test/test_spi.sv(180) @ 3555000: uvm_test_top.env.agent.mon [MON] DATA READ addr:26 data:225 slverr:0
UVM_INFO test/test_spi.sv(226) @ 3555000: uvm_test_top.env.sco [SCO] SCO DATA MATCHED : addr:26, rdata:225
UVM_INFO test/test_spi.sv(233) @ 3555000: uvm_test_top.env.sco [SCO] ----------------------------------------------------------------
UVM_INFO test/test_spi.sv(180) @ 3795000: uvm_test_top.env.agent.mon [MON] DATA READ addr:28 data:163 slverr:0
UVM_INFO test/test_spi.sv(226) @ 3795000: uvm_test_top.env.sco [SCO] SCO DATA MATCHED : addr:28, rdata:163
UVM_INFO test/test_spi.sv(233) @ 3795000: uvm_test_top.env.sco [SCO] ----------------------------------------------------------------
UVM_INFO test/test_spi.sv(180) @ 4035000: uvm_test_top.env.agent.mon [MON] DATA READ addr:12 data:0 slverr:0
UVM_INFO test/test_spi.sv(226) @ 4035000: uvm_test_top.env.sco [SCO] SCO DATA MATCHED : addr:12, rdata:0
UVM_INFO test/test_spi.sv(233) @ 4035000: uvm_test_top.env.sco [SCO] ----------------------------------------------------------------
UVM_INFO test/test_spi.sv(180) @ 4275000: uvm_test_top.env.agent.mon [MON] DATA READ addr:9 data:0 slverr:0
UVM_INFO test/test_spi.sv(226) @ 4275000: uvm_test_top.env.sco [SCO] SCO DATA MATCHED : addr:9, rdata:0
UVM_INFO test/test_spi.sv(233) @ 4275000: uvm_test_top.env.sco [SCO] ----------------------------------------------------------------
UVM_INFO test/test_spi.sv(180) @ 4515000: uvm_test_top.env.agent.mon [MON] DATA READ addr:19 data:203 slverr:0
UVM_INFO test/test_spi.sv(226) @ 4515000: uvm_test_top.env.sco [SCO] SCO DATA MATCHED : addr:19, rdata:203
UVM_INFO test/test_spi.sv(233) @ 4515000: uvm_test_top.env.sco [SCO] ----------------------------------------------------------------
UVM_INFO test/test_spi.sv(180) @ 4755000: uvm_test_top.env.agent.mon [MON] DATA READ addr:11 data:125 slverr:0
UVM_INFO test/test_spi.sv(226) @ 4755000: uvm_test_top.env.sco [SCO] SCO DATA MATCHED : addr:11, rdata:125
UVM_INFO test/test_spi.sv(233) @ 4755000: uvm_test_top.env.sco [SCO] ----------------------------------------------------------------
UVM_INFO /cadence/XCELIUM2003/tools/methodology/UVM/CDNS-1.1d/sv/src/base/uvm_objection.svh(1268) @ 4855000: reporter [TEST_DONE] 'run' phase is ready to proceed to the 'extract' phase

--- UVM Report catcher Summary ---


Number of demoted UVM_FATAL reports  :    0
Number of demoted UVM_ERROR reports  :    0
Number of demoted UVM_WARNING reports:    0
Number of caught UVM_FATAL reports   :    0
Number of caught UVM_ERROR reports   :    0
Number of caught UVM_WARNING reports :    0

--- UVM Report Summary ---

** Report counts by severity
UVM_INFO :   66
UVM_WARNING :    0
UVM_ERROR :    0
UVM_FATAL :    0
** Report counts by id
[DRV]     1
[MON]    21
[RNTST]     1
[SCO]    42
[TEST_DONE]     1
Simulation complete via $finish(1) at time 4855 NS + 45
/cadence/XCELIUM2003/tools/methodology/UVM/CDNS-1.1d/sv/src/base/uvm_root.svh:457     $finish;
xcelium> exit
TOOL:	xrun(64)	20.03-s007: Exiting on Jul 06, 2026 at 14:47:19 IST  (total: 00:00:06)
